<?xml version="1.0" encoding="UTF-8"?>
<testsuite xmlns:xsi="http://www.w3.org/2001/XMLSchema-instance" xsi:noNamespaceSchemaLocation="https://maven.apache.org/surefire/maven-surefire-plugin/xsd/surefire-test-report-3.0.xsd" version="3.0" name="pe.edu.upc.abilityhelpv1.Abilityhelpv1ApplicationTests" time="20.569" tests="1" errors="0" skipped="0" failures="0">
  <properties>
[...]
</properties>
  <testcase name="contextLoads" classname="pe.edu.upc.abilityhelpv1.Abilityhelpv1ApplicationTests" time="0.758">
    <system-out><![CDATA[00:41:32.412 [main] INFO org.springframework.test.context.support.AnnotationConfigContextLoaderUtils -- Could not detect default configuration classes for test class [pe.edu.upc.abilityhelpv1.Abilityhelpv1ApplicationTests]: Abilityhelpv1ApplicationTests does not declare any static, non-private, non-final, nested classes annotated with @Configuration.
00:41:32.563 [main] INFO org.springframework.boot.test.context.SpringBootTestContextBootstrapper -- Found @SpringBootConfiguration pe.edu.upc.abilityhelpv1.Abilityhelpv1Application for test class pe.edu.upc.abilityhelpv1.Abilityhelpv1ApplicationTests
00:41:32.820 [main] INFO org.springframework.boot.devtools.restart.RestartApplicationListener -- Restart disabled due to context in which it is running

  .   ____          _            __ _ _
 /\\ / ___'_ __ _ _(_)_ __  __ _ \ \ \ \
( ( )\___ | '_ | '_| | '_ \/ _` | \ \ \ \
 \\/  ___)| |_)| | | | | || (_| |  ) ) ) )
  '  |____| .__|_| |_|_| |_\__, | / / / /
 =========|_|==============|___/=/_/_/_/
 :: Spring Boot ::                (v3.2.4)

2024-04-27T00:41:33.170-05:00  INFO 22624 --- [abilityhelpv1] [           main] p.e.u.a.Abilityhelpv1ApplicationTests    : Starting Abilityhelpv1ApplicationTests using Java 17.0.4 with PID 22624 (started by Joaquin in C:\Users\cramo\Desktop\universidad\ciclo 7\arqui web\abilityhelp version\abilityhelpv2 experimental)
2024-04-27T00:41:33.173-05:00  INFO 22624 --- [abilityhelpv1] [           main] p.e.u.a.Abilityhelpv1ApplicationTests    : No active profile set, falling back to 1 default profile: "default"
2024-04-27T00:41:34.657-05:00  INFO 22624 --- [abilityhelpv1] [           main] .s.d.r.c.RepositoryConfigurationDelegate : Bootstrapping Spring Data JPA repositories in DEFAULT mode.
2024-04-27T00:41:34.835-05:00  INFO 22624 --- [abilityhelpv1] [           main] .s.d.r.c.RepositoryConfigurationDelegate : Finished Spring Data repository scanning in 161 ms. Found 12 JPA repository interfaces.
2024-04-27T00:41:35.872-05:00  INFO 22624 --- [abilityhelpv1] [           main] o.hibernate.jpa.internal.util.LogHelper  : HHH000204: Processing PersistenceUnitInfo [name: default]
2024-04-27T00:41:35.998-05:00  INFO 22624 --- [abilityhelpv1] [           main] org.hibernate.Version                    : HHH000412: Hibernate ORM core version 6.4.4.Final
2024-04-27T00:41:36.057-05:00  INFO 22624 --- [abilityhelpv1] [           main] o.h.c.internal.RegionFactoryInitiator    : HHH000026: Second-level cache disabled
2024-04-27T00:41:36.710-05:00  INFO 22624 --- [abilityhelpv1] [           main] o.s.o.j.p.SpringPersistenceUnitInfo      : No LoadTimeWeaver setup: ignoring JPA class transformer
2024-04-27T00:41:36.762-05:00  INFO 22624 --- [abilityhelpv1] [           main] com.zaxxer.hikari.HikariDataSource       : HikariPool-1 - Starting...
2024-04-27T00:41:38.733-05:00  INFO 22624 --- [abilityhelpv1] [           main] com.zaxxer.hikari.pool.HikariPool        : HikariPool-1 - Added connection org.postgresql.jdbc.PgConnection@14df5253
2024-04-27T00:41:38.734-05:00  INFO 22624 --- [abilityhelpv1] [           main] com.zaxxer.hikari.HikariDataSource       : HikariPool-1 - Start completed.
2024-04-27T00:41:38.935-05:00  WARN 22624 --- [abilityhelpv1] [           main] org.hibernate.orm.deprecation            : HHH90000025: PostgreSQLDialect does not need to be specified explicitly using 'hibernate.dialect' (remove the property setting and it will be selected by default)
2024-04-27T00:41:40.663-05:00  INFO 22624 --- [abilityhelpv1] [           main] o.h.e.t.j.p.i.JtaPlatformInitiator       : HHH000489: No JTA platform available (set 'hibernate.transaction.jta.platform' to enable JTA platform integration)
2024-04-27T00:41:49.680-05:00  INFO 22624 --- [abilityhelpv1] [           main] j.LocalContainerEntityManagerFactoryBean : Initialized JPA EntityManagerFactory for persistence unit 'default'
2024-04-27T00:41:50.030-05:00  INFO 22624 --- [abilityhelpv1] [           main] o.s.d.j.r.query.QueryEnhancerFactory     : Hibernate is in classpath; If applicable, HQL parser will be used.
2024-04-27T00:41:50.556-05:00  WARN 22624 --- [abilityhelpv1] [           main] JpaBaseConfiguration$JpaWebConfiguration : spring.jpa.open-in-view is enabled by default. Therefore, database queries may be performed during view rendering. Explicitly configure spring.jpa.open-in-view to disable this warning
2024-04-27T00:41:51.371-05:00  INFO 22624 --- [abilityhelpv1] [           main] o.s.s.web.DefaultSecurityFilterChain     : Will secure any request with [org.springframework.security.web.session.DisableEncodeUrlFilter@586a9fe1, org.springframework.security.web.context.request.async.WebAsyncManagerIntegrationFilter@dcf64d2, org.springframework.security.web.context.SecurityContextHolderFilter@21e32876, org.springframework.security.web.header.HeaderWriterFilter@66c9aca2, org.springframework.web.filter.CorsFilter@20bc3e7f, org.springframework.security.web.authentication.logout.LogoutFilter@6f749a1f, pe.edu.upc.abilityhelpv1.securities.JwtRequestFilter@36e9794c, org.springframework.security.web.authentication.www.BasicAuthenticationFilter@7ef570be, org.springframework.security.web.savedrequest.RequestCacheAwareFilter@11c372e9, org.springframework.security.web.servletapi.SecurityContextHolderAwareRequestFilter@4b59a1c1, org.springframework.security.web.authentication.AnonymousAuthenticationFilter@7959fbe3, org.springframework.security.web.access.ExceptionTranslationFilter@2c914364, org.springframework.security.web.access.intercept.AuthorizationFilter@51179fad]
2024-04-27T00:41:51.933-05:00  INFO 22624 --- [abilityhelpv1] [           main] p.e.u.a.Abilityhelpv1ApplicationTests    : Started Abilityhelpv1ApplicationTests in 19.137 seconds (process running for 20.799)
]]></system-out>
  </testcase>
</testsuite>